# JRE version: OpenJDK Runtime Environment (11.0.10) (build 11.0.10+0-b96-7249189)
# Java VM: OpenJDK 64-Bit Server VM (11.0.10+0-b96-7249189, mixed mode, tiered, compressed oops, g1 gc, windows-amd64)
Heap:
 garbage-first heap   total 57344K, used 42428K [0x0000000080000000, 0x0000000100000000)
  region size 1024K, 25 young (25600K), 3 survivors (3072K)
 Metaspace       used 30009K, capacity 30585K, committed 30768K, reserved 542720K
  class space    used 3960K, capacity 4185K, committed 4224K, reserved 516096K
GC Heap History (19 events):
Event: 0.680 GC heap before
{Heap before GC invocations=0 (full 0):
 garbage-first heap   total 57344K, used 6144K [0x0000000080000000, 0x0000000100000000)
  region size 1024K, 7 young (7168K), 0 survivors (0K)
 Metaspace       used 6140K, capacity 6269K, committed 6528K, reserved 524288K
  class space    used 536K, capacity 578K, committed 640K, reserved 516096K
}
Event: 0.689 GC heap after
{Heap after GC invocations=1 (full 0):
 garbage-first heap   total 57344K, used 1392K [0x0000000080000000, 0x0000000100000000)
  region size 1024K, 1 young (1024K), 1 survivors (1024K)
 Metaspace       used 6140K, capacity 6269K, committed 6528K, reserved 524288K
  class space    used 536K, capacity 578K, committed 640K, reserved 516096K
}
Event: 3.929 GC heap before
{Heap before GC invocations=1 (full 0):
 garbage-first heap   total 57344K, used 40304K [0x0000000080000000, 0x0000000100000000)
  region size 1024K, 33 young (33792K), 1 survivors (1024K)
 Metaspace       used 10824K, capacity 11017K, committed 11264K, reserved 526336K
  class space    used 1128K, capacity 1207K, committed 1280K, reserved 516096K
}
Event: 3.939 GC heap after
{Heap after GC invocations=2 (full 0):
 garbage-first heap   total 57344K, used 9463K [0x0000000080000000, 0x0000000100000000)
  region size 1024K, 5 young (5120K), 5 survivors (5120K)
 Metaspace       used 10824K, capacity 11017K, committed 11264K, reserved 526336K
  class space    used 1128K, capacity 1207K, committed 1280K, reserved 516096K
}
Event: 8.249 GC heap before
{Heap before GC invocations=2 (full 0):
 garbage-first heap   total 57344K, used 26871K [0x0000000080000000, 0x0000000100000000)
  region size 1024K, 22 young (22528K), 5 survivors (5120K)
 Metaspace       used 10907K, capacity 11145K, committed 11264K, reserved 526336K
  class space    used 1129K, capacity 1207K, committed 1280K, reserved 516096K
}
Event: 8.258 GC heap after
{Heap after GC invocations=3 (full 0):
 garbage-first heap   total 57344K, used 11739K [0x0000000080000000, 0x0000000100000000)
  region size 1024K, 2 young (2048K), 2 survivors (2048K)
 Metaspace       used 10907K, capacity 11145K, committed 11264K, reserved 526336K
  class space    used 1129K, capacity 1207K, committed 1280K, reserved 516096K
}
Event: 11.272 GC heap before
{Heap before GC invocations=3 (full 0):
 garbage-first heap   total 57344K, used 34267K [0x0000000080000000, 0x0000000100000000)
  region size 1024K, 25 young (25600K), 2 survivors (2048K)
 Metaspace       used 14185K, capacity 14497K, committed 14848K, reserved 530432K
  class space    used 1586K, capacity 1686K, committed 1792K, reserved 516096K
}
Event: 11.280 GC heap after
{Heap after GC invocations=4 (full 0):
 garbage-first heap   total 57344K, used 15208K [0x0000000080000000, 0x0000000100000000)
  region size 1024K, 4 young (4096K), 4 survivors (4096K)
 Metaspace       used 14185K, capacity 14497K, committed 14848K, reserved 530432K
  class space    used 1586K, capacity 1686K, committed 1792K, reserved 516096K
}
Event: 21.211 GC heap before
{Heap before GC invocations=4 (full 0):
 garbage-first heap   total 57344K, used 36712K [0x0000000080000000, 0x0000000100000000)
  region size 1024K, 26 young (26624K), 4 survivors (4096K)
 Metaspace       used 18692K, capacity 19016K, committed 19328K, reserved 534528K
  class space    used 2225K, capacity 2342K, committed 2432K, reserved 516096K
}
Event: 21.224 GC heap after
{Heap after GC invocations=5 (full 0):
 garbage-first heap   total 57344K, used 16901K [0x0000000080000000, 0x0000000100000000)
  region size 1024K, 2 young (2048K), 2 survivors (2048K)
 Metaspace       used 18692K, capacity 19016K, committed 19328K, reserved 534528K
  class space    used 2225K, capacity 2342K, committed 2432K, reserved 516096K
}
Event: 22.978 GC heap before
{Heap before GC invocations=5 (full 0):
 garbage-first heap   total 57344K, used 30213K [0x0000000080000000, 0x0000000100000000)
  region size 1024K, 17 young (17408K), 2 survivors (2048K)
 Metaspace       used 20696K, capacity 21099K, committed 21296K, reserved 536576K
  class space    used 2507K, capacity 2657K, committed 2688K, reserved 516096K
}
Event: 22.988 GC heap after
{Heap after GC invocations=6 (full 0):
 garbage-first heap   total 57344K, used 17197K [0x0000000080000000, 0x0000000100000000)
  region size 1024K, 2 young (2048K), 2 survivors (2048K)
 Metaspace       used 20696K, capacity 21099K, committed 21296K, reserved 536576K
  class space    used 2507K, capacity 2657K, committed 2688K, reserved 516096K
}
Event: 24.426 GC heap before
{Heap before GC invocations=7 (full 0):
 garbage-first heap   total 57344K, used 39725K [0x0000000080000000, 0x0000000100000000)
  region size 1024K, 24 young (24576K), 2 survivors (2048K)
 Metaspace       used 22802K, capacity 23306K, committed 23472K, reserved 536576K
  class space    used 2856K, capacity 3033K, committed 3072K, reserved 516096K
}
Event: 24.434 GC heap after
{Heap after GC invocations=8 (full 0):
 garbage-first heap   total 57344K, used 18018K [0x0000000080000000, 0x0000000100000000)
  region size 1024K, 2 young (2048K), 2 survivors (2048K)
 Metaspace       used 22802K, capacity 23306K, committed 23472K, reserved 536576K
  class space    used 2856K, capacity 3033K, committed 3072K, reserved 516096K
}
Event: 30.351 GC heap before
{Heap before GC invocations=8 (full 0):
 garbage-first heap   total 57344K, used 40546K [0x0000000080000000, 0x0000000100000000)
  region size 1024K, 24 young (24576K), 2 survivors (2048K)
 Metaspace       used 25430K, capacity 25976K, committed 26160K, reserved 540672K
  class space    used 3236K, capacity 3454K, committed 3456K, reserved 516096K
}
Event: 30.359 GC heap after
{Heap after GC invocations=9 (full 0):
 garbage-first heap   total 57344K, used 19090K [0x0000000080000000, 0x0000000100000000)
  region size 1024K, 3 young (3072K), 3 survivors (3072K)
 Metaspace       used 25430K, capacity 25976K, committed 26160K, reserved 540672K
  class space    used 3236K, capacity 3454K, committed 3456K, reserved 516096K
}
Event: 33.858 GC heap before
{Heap before GC invocations=9 (full 0):
 garbage-first heap   total 57344K, used 41618K [0x0000000080000000, 0x0000000100000000)
  region size 1024K, 25 young (25600K), 3 survivors (3072K)
 Metaspace       used 27389K, capacity 27993K, committed 28080K, reserved 540672K
  class space    used 3556K, capacity 3788K, committed 3840K, reserved 516096K
}
Event: 33.867 GC heap after
{Heap after GC invocations=10 (full 0):
 garbage-first heap   total 57344K, used 19900K [0x0000000080000000, 0x0000000100000000)
  region size 1024K, 3 young (3072K), 3 survivors (3072K)
 Metaspace       used 27389K, capacity 27993K, committed 28080K, reserved 540672K
  class space    used 3556K, capacity 3788K, committed 3840K, reserved 516096K
}
Event: 36.403 GC heap before
{Heap before GC invocations=10 (full 0):
 garbage-first heap   total 57344K, used 42428K [0x0000000080000000, 0x0000000100000000)
  region size 1024K, 25 young (25600K), 3 survivors (3072K)
 Metaspace       used 30009K, capacity 30585K, committed 30768K, reserved 542720K
  class space    used 3960K, capacity 4185K, committed 4224K, reserved 516096K
}

