# JRE version: OpenJDK Runtime Environment (11.0.10) (build 11.0.10+0-b96-7249189)
# Java VM: OpenJDK 64-Bit Server VM (11.0.10+0-b96-7249189, mixed mode, tiered, compressed oops, g1 gc, windows-amd64)
Heap:
 garbage-first heap   total 146432K, used 123882K [0x0000000080000000, 0x0000000100000000)
  region size 1024K, 56 young (57344K), 4 survivors (4096K)
 Metaspace       used 82754K, capacity 85102K, committed 85328K, reserved 589824K
  class space    used 10639K, capacity 11551K, committed 11648K, reserved 516096K
GC Heap History (20 events):
Event: 204.172 GC heap before
{Heap before GC invocations=157 (full 0):
 garbage-first heap   total 146432K, used 126114K [0x0000000080000000, 0x0000000100000000)
  region size 1024K, 70 young (71680K), 1 survivors (1024K)
 Metaspace       used 77403K, capacity 79500K, committed 79568K, reserved 585728K
  class space    used 9901K, capacity 10710K, committed 10752K, reserved 516096K
}
Event: 204.175 GC heap after
{Heap after GC invocations=158 (full 0):
 garbage-first heap   total 146432K, used 55486K [0x0000000080000000, 0x0000000100000000)
  region size 1024K, 1 young (1024K), 1 survivors (1024K)
 Metaspace       used 77403K, capacity 79500K, committed 79568K, reserved 585728K
  class space    used 9901K, capacity 10710K, committed 10752K, reserved 516096K
}
Event: 206.323 GC heap before
{Heap before GC invocations=158 (full 0):
 garbage-first heap   total 146432K, used 125118K [0x0000000080000000, 0x0000000100000000)
  region size 1024K, 70 young (71680K), 1 survivors (1024K)
 Metaspace       used 77403K, capacity 79500K, committed 79568K, reserved 585728K
  class space    used 9901K, capacity 10710K, committed 10752K, reserved 516096K
}
Event: 206.329 GC heap after
{Heap after GC invocations=159 (full 0):
 garbage-first heap   total 146432K, used 56934K [0x0000000080000000, 0x0000000100000000)
  region size 1024K, 2 young (2048K), 2 survivors (2048K)
 Metaspace       used 77403K, capacity 79500K, committed 79568K, reserved 585728K
  class space    used 9901K, capacity 10710K, committed 10752K, reserved 516096K
}
Event: 207.548 GC heap before
{Heap before GC invocations=159 (full 0):
 garbage-first heap   total 146432K, used 126566K [0x0000000080000000, 0x0000000100000000)
  region size 1024K, 70 young (71680K), 2 survivors (2048K)
 Metaspace       used 77403K, capacity 79500K, committed 79568K, reserved 585728K
  class space    used 9901K, capacity 10710K, committed 10752K, reserved 516096K
}
Event: 207.551 GC heap after
{Heap after GC invocations=160 (full 0):
 garbage-first heap   total 146432K, used 55646K [0x0000000080000000, 0x0000000100000000)
  region size 1024K, 1 young (1024K), 1 survivors (1024K)
 Metaspace       used 77403K, capacity 79500K, committed 79568K, reserved 585728K
  class space    used 9901K, capacity 10710K, committed 10752K, reserved 516096K
}
Event: 209.953 GC heap before
{Heap before GC invocations=160 (full 0):
 garbage-first heap   total 146432K, used 126302K [0x0000000080000000, 0x0000000100000000)
  region size 1024K, 70 young (71680K), 1 survivors (1024K)
 Metaspace       used 77403K, capacity 79500K, committed 79568K, reserved 585728K
  class space    used 9901K, capacity 10710K, committed 10752K, reserved 516096K
}
Event: 209.956 GC heap after
{Heap after GC invocations=161 (full 0):
 garbage-first heap   total 146432K, used 55412K [0x0000000080000000, 0x0000000100000000)
  region size 1024K, 1 young (1024K), 1 survivors (1024K)
 Metaspace       used 77403K, capacity 79500K, committed 79568K, reserved 585728K
  class space    used 9901K, capacity 10710K, committed 10752K, reserved 516096K
}
Event: 211.683 GC heap before
{Heap before GC invocations=161 (full 0):
 garbage-first heap   total 146432K, used 129140K [0x0000000080000000, 0x0000000100000000)
  region size 1024K, 71 young (72704K), 1 survivors (1024K)
 Metaspace       used 77404K, capacity 79500K, committed 79568K, reserved 585728K
  class space    used 9901K, capacity 10710K, committed 10752K, reserved 516096K
}
Event: 211.687 GC heap after
{Heap after GC invocations=162 (full 0):
 garbage-first heap   total 146432K, used 58159K [0x0000000080000000, 0x0000000100000000)
  region size 1024K, 1 young (1024K), 1 survivors (1024K)
 Metaspace       used 77404K, capacity 79500K, committed 79568K, reserved 585728K
  class space    used 9901K, capacity 10710K, committed 10752K, reserved 516096K
}
Event: 212.705 GC heap before
{Heap before GC invocations=162 (full 0):
 garbage-first heap   total 146432K, used 127791K [0x0000000080000000, 0x0000000100000000)
  region size 1024K, 69 young (70656K), 1 survivors (1024K)
 Metaspace       used 77404K, capacity 79500K, committed 79568K, reserved 585728K
  class space    used 9901K, capacity 10710K, committed 10752K, reserved 516096K
}
Event: 212.710 GC heap after
{Heap after GC invocations=163 (full 0):
 garbage-first heap   total 146432K, used 59127K [0x0000000080000000, 0x0000000100000000)
  region size 1024K, 2 young (2048K), 2 survivors (2048K)
 Metaspace       used 77404K, capacity 79500K, committed 79568K, reserved 585728K
  class space    used 9901K, capacity 10710K, committed 10752K, reserved 516096K
}
Event: 214.283 GC heap before
{Heap before GC invocations=163 (full 0):
 garbage-first heap   total 146432K, used 127735K [0x0000000080000000, 0x0000000100000000)
  region size 1024K, 69 young (70656K), 2 survivors (2048K)
 Metaspace       used 77407K, capacity 79500K, committed 79568K, reserved 585728K
  class space    used 9901K, capacity 10710K, committed 10752K, reserved 516096K
}
Event: 214.285 GC heap after
{Heap after GC invocations=164 (full 0):
 garbage-first heap   total 146432K, used 55534K [0x0000000080000000, 0x0000000100000000)
  region size 1024K, 1 young (1024K), 1 survivors (1024K)
 Metaspace       used 77407K, capacity 79500K, committed 79568K, reserved 585728K
  class space    used 9901K, capacity 10710K, committed 10752K, reserved 516096K
}
Event: 216.698 GC heap before
{Heap before GC invocations=164 (full 0):
 garbage-first heap   total 146432K, used 129262K [0x0000000080000000, 0x0000000100000000)
  region size 1024K, 70 young (71680K), 1 survivors (1024K)
 Metaspace       used 82557K, capacity 84861K, committed 84944K, reserved 589824K
  class space    used 10622K, capacity 11513K, committed 11520K, reserved 516096K
}
Event: 216.714 GC heap after
{Heap after GC invocations=165 (full 0):
 garbage-first heap   total 146432K, used 67294K [0x0000000080000000, 0x0000000100000000)
  region size 1024K, 8 young (8192K), 8 survivors (8192K)
 Metaspace       used 82557K, capacity 84861K, committed 84944K, reserved 589824K
  class space    used 10622K, capacity 11513K, committed 11520K, reserved 516096K
}
Event: 217.518 GC heap before
{Heap before GC invocations=165 (full 0):
 garbage-first heap   total 146432K, used 122590K [0x0000000080000000, 0x0000000100000000)
  region size 1024K, 62 young (63488K), 8 survivors (8192K)
 Metaspace       used 82731K, capacity 85038K, committed 85328K, reserved 589824K
  class space    used 10639K, capacity 11551K, committed 11648K, reserved 516096K
}
Event: 217.545 GC heap after
{Heap after GC invocations=166 (full 0):
 garbage-first heap   total 146432K, used 70614K [0x0000000080000000, 0x0000000100000000)
  region size 1024K, 4 young (4096K), 4 survivors (4096K)
 Metaspace       used 82731K, capacity 85038K, committed 85328K, reserved 589824K
  class space    used 10639K, capacity 11551K, committed 11648K, reserved 516096K
}
Event: 217.850 GC heap before
{Heap before GC invocations=166 (full 0):
 garbage-first heap   total 146432K, used 122838K [0x0000000080000000, 0x0000000100000000)
  region size 1024K, 55 young (56320K), 4 survivors (4096K)
 Metaspace       used 82746K, capacity 85102K, committed 85328K, reserved 589824K
  class space    used 10639K, capacity 11551K, committed 11648K, reserved 516096K
}
Event: 217.861 GC heap after
{Heap after GC invocations=167 (full 0):
 garbage-first heap   total 146432K, used 70634K [0x0000000080000000, 0x0000000100000000)
  region size 1024K, 4 young (4096K), 4 survivors (4096K)
 Metaspace       used 82746K, capacity 85102K, committed 85328K, reserved 589824K
  class space    used 10639K, capacity 11551K, committed 11648K, reserved 516096K
}

